#
# There is insufficient memory for the Java Runtime Environment to continue.
# Native memory allocation (mmap) failed to map 529006592 bytes for committing reserved memory.
# Possible reasons:
#   The system is out of physical RAM or swap space
#   In 32 bit mode, the process size limit was hit
# Possible solutions:
#   Reduce memory load on the system
#   Increase physical memory or swap space
#   Check if swap backing store is full
#   Use 64 bit Java on a 64 bit OS
#   Decrease Java heap size (-Xmx/-Xms)
#   Decrease number of Java threads
#   Decrease Java thread stack sizes (-Xss)
#   Set larger code cache with -XX:ReservedCodeCacheSize=
# This output file may be truncated or incomplete.
#
#  Out of Memory Error (os_linux.cpp:2627), pid=10812, tid=0x00007f9dd2176700
#
# JRE version: OpenJDK Runtime Environment (8.0_112-b06) (build 1.8.0_112-release-b06)
# Java VM: OpenJDK 64-Bit Server VM (25.112-b06 mixed mode linux-amd64 compressed oops)
# Failed to write core dump. Core dumps have been disabled. To enable core dumping, try "ulimit -c unlimited" before starting Java again
#

---------------  T H R E A D  ---------------

Current thread (0x00007f9dfc089000):  VMThread [stack: 0x00007f9dd2076000,0x00007f9dd2177000] [id=10826]

Stack: [0x00007f9dd2076000,0x00007f9dd2177000],  sp=0x00007f9dd21754c0,  free space=1021k
Native frames: (J=compiled Java code, j=interpreted, Vv=VM code, C=native code)
V  [libjvm.so+0x9e465d]  VMError::report_and_die()+0x15d
V  [libjvm.so+0x4b6ada]  report_vm_out_of_memory(char const*, int, unsigned long, VMErrorType, char const*)+0x8a
V  [libjvm.so+0x84c860]  os::pd_commit_memory(char*, unsigned long, unsigned long, bool)+0xf0
V  [libjvm.so+0x84737f]  os::commit_memory(char*, unsigned long, unsigned long, bool)+0x1f
V  [libjvm.so+0x8bd3db]  PSVirtualSpace::expand_by(unsigned long)+0x5b
V  [libjvm.so+0x8be050]  PSYoungGen::resize_generation(unsigned long, unsigned long)+0xb0
V  [libjvm.so+0x8be36b]  PSYoungGen::resize(unsigned long, unsigned long)+0x1b
V  [libjvm.so+0x8baa5c]  PSScavenge::invoke_no_policy()+0xdac
V  [libjvm.so+0x8bb238]  PSScavenge::invoke()+0x38
V  [libjvm.so+0x86fcf3]  ParallelScavengeHeap::failed_mem_allocate(unsigned long)+0x63
V  [libjvm.so+0x9e6124]  VM_ParallelGCFailedAllocation::doit()+0x84
V  [libjvm.so+0x9ea537]  VM_Operation::evaluate()+0x47
V  [libjvm.so+0x9e8ff8]  VMThread::evaluate_operation(VM_Operation*)+0x2c8
V  [libjvm.so+0x9e9479]  VMThread::loop()+0x219
V  [libjvm.so+0x9e98c2]  VMThread::run()+0x72
V  [libjvm.so+0x849c82]  java_start(Thread*)+0xf2

VM_Operation (0x00007f9dca441240): ParallelGCFailedAllocation, mode: safepoint, requested by thread 0x00007f9d45b4a000


---------------  P R O C E S S  ---------------

Java Threads: ( => current thread )
  0x00007f9d45b4b000 JavaThread "config-0-worker-7" daemon [_thread_blocked, id=10856, stack(0x00007f9dca041000,0x00007f9dca242000)]
  0x00007f9d45b4a000 JavaThread "config-0-worker-6" daemon [_thread_blocked, id=10855, stack(0x00007f9dca242000,0x00007f9dca443000)]
  0x00007f9d45b48800 JavaThread "config-0-worker-5" daemon [_thread_blocked, id=10854, stack(0x00007f9dca443000,0x00007f9dca644000)]
  0x00007f9d45b47800 JavaThread "config-0-worker-4" daemon [_thread_blocked, id=10853, stack(0x00007f9dca644000,0x00007f9dca845000)]
  0x00007f9d45b46800 JavaThread "config-0-worker-3" daemon [_thread_blocked, id=10852, stack(0x00007f9dca845000,0x00007f9dcaa46000)]
  0x00007f9d45b45800 JavaThread "config-0-worker-2" daemon [_thread_blocked, id=10851, stack(0x00007f9dcaa46000,0x00007f9dcac47000)]
  0x00007f9d45b44000 JavaThread "config-0-worker-1" daemon [_thread_blocked, id=10850, stack(0x00007f9dcac47000,0x00007f9dcae48000)]
  0x00007f9d45aef800 JavaThread "config-0-worker-0" daemon [_thread_blocked, id=10849, stack(0x00007f9dcae48000,0x00007f9dcb049000)]
  0x00007f9dfc67a000 JavaThread "Jack reporter" [_thread_blocked, id=10838, stack(0x00007f9dd06a8000,0x00007f9dd07a9000)]
  0x00007f9dfc0d3000 JavaThread "Service Thread" daemon [_thread_blocked, id=10834, stack(0x00007f9dd141f000,0x00007f9dd1520000)]
  0x00007f9dfc0d0000 JavaThread "C1 CompilerThread3" daemon [_thread_blocked, id=10833, stack(0x00007f9dd1520000,0x00007f9dd1621000)]
  0x00007f9dfc0ce000 JavaThread "C2 CompilerThread2" daemon [_thread_blocked, id=10832, stack(0x00007f9dd1621000,0x00007f9dd1722000)]
  0x00007f9dfc0cc800 JavaThread "C2 CompilerThread1" daemon [_thread_blocked, id=10831, stack(0x00007f9dd1722000,0x00007f9dd1823000)]
  0x00007f9dfc0c9800 JavaThread "C2 CompilerThread0" daemon [_thread_blocked, id=10830, stack(0x00007f9dd1823000,0x00007f9dd1924000)]
  0x00007f9dfc0c8000 JavaThread "Signal Dispatcher" daemon [_thread_blocked, id=10829, stack(0x00007f9dd1924000,0x00007f9dd1a25000)]
  0x00007f9dfc095000 JavaThread "Finalizer" daemon [_thread_blocked, id=10828, stack(0x00007f9dd1e74000,0x00007f9dd1f75000)]
  0x00007f9dfc090800 JavaThread "Reference Handler" daemon [_thread_blocked, id=10827, stack(0x00007f9dd1f75000,0x00007f9dd2076000)]
  0x00007f9dfc013000 JavaThread "main" [_thread_blocked, id=10817, stack(0x00007f9e0326e000,0x00007f9e0336f000)]

Other Threads:
=>0x00007f9dfc089000 VMThread [stack: 0x00007f9dd2076000,0x00007f9dd2177000] [id=10826]
  0x00007f9dfc0d5800 WatcherThread [stack: 0x00007f9dd131e000,0x00007f9dd141f000] [id=10835]

VM state:at safepoint (normal execution)

VM Mutex/Monitor currently owned by a thread:  ([mutex/lock_event])
[0x00007f9dfc00f800] Threads_lock - owner thread: 0x00007f9dfc089000
[0x00007f9dfc00fd00] Heap_lock - owner thread: 0x00007f9d45b4a000

Heap:
 PSYoungGen      total 945152K, used 157184K [0x00000006c0000000, 0x0000000703480000, 0x00000007c0000000)
  eden space 787968K, 0% used [0x00000006c0000000,0x00000006c0000000,0x00000006f0180000)
  from space 157184K, 100% used [0x00000006f0180000,0x00000006f9b00000,0x00000006f9b00000)
  to   space 124928K, 0% used [0x00000006faa00000,0x00000006faa00000,0x0000000702400000)
 ParOldGen       total 482304K, used 482287K [0x00000004c0000000, 0x00000004dd700000, 0x00000006c0000000)
  object space 482304K, 99% used [0x00000004c0000000,0x00000004dd6fbe30,0x00000004dd700000)
 Metaspace       used 22763K, capacity 22930K, committed 24576K, reserved 1071104K
  class space    used 2564K, capacity 2608K, committed 2816K, reserved 1048576K

Card table byte_map: [0x00007f9deb7ff000,0x00007f9ded000000] byte_map_base: 0x00007f9de91ff000

Marking Bits: (ParMarkBitMap*) 0x00007f9e02742340
 Begin Bits: [0x00007f9da4000000, 0x00007f9db0000000)
 End Bits:   [0x00007f9db0000000, 0x00007f9dbc000000)

Polling page: 0x00007f9e03394000

CodeCache: size=245760Kb used=16395Kb max_used=16405Kb free=229364Kb
 bounds [0x00007f9ded000000, 0x00007f9dee030000, 0x00007f9dfc000000]
 total_blobs=5502 nmethods=5133 adapters=279
 compilation: enabled

Compilation events (10 events):
Event: 7.570 Thread 0x00007f9dfc0d0000 6544       3       com.android.jack.jayce.v0004.nodes.NEnumLiteral::writeContent (17 bytes)
Event: 7.571 Thread 0x00007f9dfc0d0000 nmethod 6544 0x00007f9dee021710 code [0x00007f9dee0218c0, 0x00007f9dee021c58]
Event: 7.576 Thread 0x00007f9dfc0d0000 6545       3       com.android.jack.jayce.v0004.nodes.NClassLiteral::exportAsJast (74 bytes)
Event: 7.577 Thread 0x00007f9dfc0d0000 nmethod 6545 0x00007f9dee020e90 code [0x00007f9dee021040, 0x00007f9dee0214e8]
Event: 7.578 Thread 0x00007f9dfc0d0000 6546       3       com.android.jack.jayce.v0004.nodes.NClassLiteral::exportAsJast (6 bytes)
Event: 7.578 Thread 0x00007f9dfc0d0000 nmethod 6546 0x00007f9dee020ad0 code [0x00007f9dee020c40, 0x00007f9dee020de8]
Event: 7.640 Thread 0x00007f9dfc0ce000 6547       4       com.android.jack.jayce.v0004.io.Token$109::newNode (8 bytes)
Event: 7.642 Thread 0x00007f9dfc0ce000 nmethod 6547 0x00007f9dee01ce10 code [0x00007f9dee01cf60, 0x00007f9dee01d038]
Event: 7.644 Thread 0x00007f9dfc0d0000 6548       3       com.android.jack.ir.ast.JPhantomClassOrInterface::getName (5 bytes)
Event: 7.644 Thread 0x00007f9dfc0d0000 nmethod 6548 0x00007f9dee020750 code [0x00007f9dee0208c0, 0x00007f9dee020a30]

GC Heap History (10 events):
Event: 4.582 GC heap after
Heap after GC invocations=8 (full 1):
 PSYoungGen      total 557056K, used 55424K [0x00000006c0000000, 0x00000006ecd80000, 0x00000007c0000000)
  eden space 499200K, 0% used [0x00000006c0000000,0x00000006c0000000,0x00000006de780000)
  from space 57856K, 95% used [0x00000006de780000,0x00000006e1da00c0,0x00000006e2000000)
  to   space 65024K, 0% used [0x00000006e8e00000,0x00000006e8e00000,0x00000006ecd80000)
 ParOldGen       total 243200K, used 101958K [0x00000004c0000000, 0x00000004ced80000, 0x00000006c0000000)
  object space 243200K, 41% used [0x00000004c0000000,0x00000004c6391a28,0x00000004ced80000)
 Metaspace       used 23636K, capacity 23910K, committed 24064K, reserved 1071104K
  class space    used 2733K, capacity 2808K, committed 2816K, reserved 1048576K
}
Event: 4.836 GC heap before
{Heap before GC invocations=9 (full 1):
 PSYoungGen      total 557056K, used 554624K [0x00000006c0000000, 0x00000006ecd80000, 0x00000007c0000000)
  eden space 499200K, 100% used [0x00000006c0000000,0x00000006de780000,0x00000006de780000)
  from space 57856K, 95% used [0x00000006de780000,0x00000006e1da00c0,0x00000006e2000000)
  to   space 65024K, 0% used [0x00000006e8e00000,0x00000006e8e00000,0x00000006ecd80000)
 ParOldGen       total 243200K, used 101973K [0x00000004c0000000, 0x00000004ced80000, 0x00000006c0000000)
  object space 243200K, 41% used [0x00000004c0000000,0x00000004c63957c8,0x00000004ced80000)
 Metaspace       used 23655K, capacity 23910K, committed 24064K, reserved 1071104K
  class space    used 2733K, capacity 2808K, committed 2816K, reserved 1048576K
Event: 4.975 GC heap after
Heap after GC invocations=9 (full 1):
 PSYoungGen      total 645120K, used 65002K [0x00000006c0000000, 0x00000006ff000000, 0x00000007c0000000)
  eden space 580096K, 0% used [0x00000006c0000000,0x00000006c0000000,0x00000006e3680000)
  from space 65024K, 99% used [0x00000006e8e00000,0x00000006ecd7a868,0x00000006ecd80000)
  to   space 89600K, 0% used [0x00000006e3680000,0x00000006e3680000,0x00000006e8e00000)
 ParOldGen       total 243200K, used 138111K [0x00000004c0000000, 0x00000004ced80000, 0x00000006c0000000)
  object space 243200K, 56% used [0x00000004c0000000,0x00000004c86dfdf0,0x00000004ced80000)
 Metaspace       used 23655K, capacity 23910K, committed 24064K, reserved 1071104K
  class space    used 2733K, capacity 2808K, committed 2816K, reserved 1048576K
}
Event: 5.478 GC heap before
{Heap before GC invocations=10 (full 1):
 PSYoungGen      total 645120K, used 645098K [0x00000006c0000000, 0x00000006ff000000, 0x00000007c0000000)
  eden space 580096K, 100% used [0x00000006c0000000,0x00000006e3680000,0x00000006e3680000)
  from space 65024K, 99% used [0x00000006e8e00000,0x00000006ecd7a868,0x00000006ecd80000)
  to   space 89600K, 0% used [0x00000006e3680000,0x00000006e3680000,0x00000006e8e00000)
 ParOldGen       total 243200K, used 138113K [0x00000004c0000000, 0x00000004ced80000, 0x00000006c0000000)
  object space 243200K, 56% used [0x00000004c0000000,0x00000004c86e0478,0x00000004ced80000)
 Metaspace       used 23969K, capacity 24230K, committed 24576K, reserved 1071104K
  class space    used 2747K, capacity 2808K, committed 2816K, reserved 1048576K
Event: 5.632 GC heap after
Heap after GC invocations=10 (full 1):
 PSYoungGen      total 669696K, used 89568K [0x00000006c0000000, 0x0000000702400000, 0x00000007c0000000)
  eden space 580096K, 0% used [0x00000006c0000000,0x00000006c0000000,0x00000006e3680000)
  from space 89600K, 99% used [0x00000006e3680000,0x00000006e8df8020,0x00000006e8e00000)
  to   space 124928K, 0% used [0x00000006faa00000,0x00000006faa00000,0x0000000702400000)
 ParOldGen       total 243200K, used 192846K [0x00000004c0000000, 0x00000004ced80000, 0x00000006c0000000)
  object space 243200K, 79% used [0x00000004c0000000,0x00000004cbc53a58,0x00000004ced80000)
 Metaspace       used 23969K, capacity 24230K, committed 24576K, reserved 1071104K
  class space    used 2747K, capacity 2808K, committed 2816K, reserved 1048576K
}
Event: 5.632 GC heap before
{Heap before GC invocations=11 (full 2):
 PSYoungGen      total 669696K, used 89568K [0x00000006c0000000, 0x0000000702400000, 0x00000007c0000000)
  eden space 580096K, 0% used [0x00000006c0000000,0x00000006c0000000,0x00000006e3680000)
  from space 89600K, 99% used [0x00000006e3680000,0x00000006e8df8020,0x00000006e8e00000)
  to   space 124928K, 0% used [0x00000006faa00000,0x00000006faa00000,0x0000000702400000)
 ParOldGen       total 243200K, used 192846K [0x00000004c0000000, 0x00000004ced80000, 0x00000006c0000000)
  object space 243200K, 79% used [0x00000004c0000000,0x00000004cbc53a58,0x00000004ced80000)
 Metaspace       used 23969K, capacity 24230K, committed 24576K, reserved 1071104K
  class space    used 2747K, capacity 2808K, committed 2816K, reserved 1048576K
Event: 6.082 GC heap after
Heap after GC invocations=11 (full 2):
 PSYoungGen      total 669696K, used 0K [0x00000006c0000000, 0x0000000702400000, 0x00000007c0000000)
  eden space 580096K, 0% used [0x00000006c0000000,0x00000006c0000000,0x00000006e3680000)
  from space 89600K, 0% used [0x00000006e3680000,0x00000006e3680000,0x00000006e8e00000)
  to   space 124928K, 0% used [0x00000006faa00000,0x00000006faa00000,0x0000000702400000)
 ParOldGen       total 436736K, used 239588K [0x00000004c0000000, 0x00000004daa80000, 0x00000006c0000000)
  object space 436736K, 54% used [0x00000004c0000000,0x00000004ce9f9330,0x00000004daa80000)
 Metaspace       used 22595K, capacity 22802K, committed 24576K, reserved 1071104K
  class space    used 2564K, capacity 2608K, committed 2816K, reserved 1048576K
}
Event: 6.819 GC heap before
{Heap before GC invocations=12 (full 2):
 PSYoungGen      total 669696K, used 580096K [0x00000006c0000000, 0x0000000702400000, 0x00000007c0000000)
  eden space 580096K, 100% used [0x00000006c0000000,0x00000006e3680000,0x00000006e3680000)
  from space 89600K, 0% used [0x00000006e3680000,0x00000006e3680000,0x00000006e8e00000)
  to   space 124928K, 0% used [0x00000006faa00000,0x00000006faa00000,0x0000000702400000)
 ParOldGen       total 436736K, used 239590K [0x00000004c0000000, 0x00000004daa80000, 0x00000006c0000000)
  object space 436736K, 54% used [0x00000004c0000000,0x00000004ce9f9ab0,0x00000004daa80000)
 Metaspace       used 22729K, capacity 22930K, committed 24576K, reserved 1071104K
  class space    used 2564K, capacity 2608K, committed 2816K, reserved 1048576K
Event: 7.001 GC heap after
Heap after GC invocations=12 (full 2):
 PSYoungGen      total 912896K, used 124901K [0x00000006c0000000, 0x0000000703480000, 0x00000007c0000000)
  eden space 787968K, 0% used [0x00000006c0000000,0x00000006c0000000,0x00000006f0180000)
  from space 124928K, 99% used [0x00000006faa00000,0x00000007023f97f8,0x0000000702400000)
  to   space 157184K, 0% used [0x00000006f0180000,0x00000006f0180000,0x00000006f9b00000)
 ParOldGen       total 436736K, used 276150K [0x00000004c0000000, 0x00000004daa80000, 0x00000006c0000000)
  object space 436736K, 63% used [0x00000004c0000000,0x00000004d0dad810,0x00000004daa80000)
 Metaspace       used 22729K, capacity 22930K, committed 24576K, reserved 1071104K
  class space    used 2564K, capacity 2608K, committed 2816K, reserved 1048576K
}
Event: 7.690 GC heap before
{Heap before GC invocations=13 (full 2):
 PSYoungGen      total 912896K, used 912869K [0x00000006c0000000, 0x0000000703480000, 0x00000007c0000000)
  eden space 787968K, 100% used [0x00000006c0000000,0x00000006f0180000,0x00000006f0180000)
  from space 124928K, 99% used [0x00000006faa00000,0x00000007023f97f8,0x0000000702400000)
  to   space 157184K, 0% used [0x00000006f0180000,0x00000006f0180000,0x00000006f9b00000)
 ParOldGen       total 436736K, used 276152K [0x00000004c0000000, 0x00000004daa80000, 0x00000006c0000000)
  object space 436736K, 63% used [0x00000004c0000000,0x00000004d0dae068,0x00000004daa80000)
 Metaspace       used 22763K, capacity 22930K, committed 24576K, reserved 1071104K
  class space    used 2564K, capacity 2608K, committed 2816K, reserved 1048576K

Deoptimization events (10 events):
Event: 5.298 Thread 0x00007f9d45aef800 Uncommon trap: reason=class_check action=maybe_recompile pc=0x00007f9dedb39a28 method=com.android.jack.jayce.v0004.nodes.NAddOperation.readContent(Lcom/android/jack/jayce/v0004/io/JayceInternalReaderImpl;)V @ 20
Event: 5.315 Thread 0x00007f9d45b46800 Uncommon trap: reason=class_check action=maybe_recompile pc=0x00007f9dedb39a28 method=com.android.jack.jayce.v0004.nodes.NAddOperation.readContent(Lcom/android/jack/jayce/v0004/io/JayceInternalReaderImpl;)V @ 20
Event: 5.315 Thread 0x00007f9d45b46800 Uncommon trap: reason=class_check action=maybe_recompile pc=0x00007f9dedb39a28 method=com.android.jack.jayce.v0004.nodes.NAddOperation.readContent(Lcom/android/jack/jayce/v0004/io/JayceInternalReaderImpl;)V @ 20
Event: 5.316 Thread 0x00007f9d45b46800 Uncommon trap: reason=class_check action=maybe_recompile pc=0x00007f9dedb39a28 method=com.android.jack.jayce.v0004.nodes.NAddOperation.readContent(Lcom/android/jack/jayce/v0004/io/JayceInternalReaderImpl;)V @ 20
Event: 5.458 Thread 0x00007f9d45b4a000 Uncommon trap: reason=unstable_if action=reinterpret pc=0x00007f9ded59dc1c method=com.android.jack.jayce.v0004.NodeFactory.createNNode(Ljava/lang/Object;)Lcom/android/jack/jayce/v0004/NNode; @ 43
Event: 5.459 Thread 0x00007f9d45b4a000 Uncommon trap: reason=unstable_if action=reinterpret pc=0x00007f9dedbd03fc method=com.android.jack.jayce.v0004.NodeFactory.createNNode(Ljava/lang/Object;)Lcom/android/jack/jayce/v0004/NNode; @ 43
Event: 6.146 Thread 0x00007f9d45b46800 Uncommon trap: reason=unstable_if action=reinterpret pc=0x00007f9ded2ade34 method=com.android.jack.util.StringUtils.stringToUtf8Bytes(Ljava/lang/String;)[B @ 40
Event: 6.195 Thread 0x00007f9d45b4a000 Uncommon trap: reason=null_check action=make_not_entrant pc=0x00007f9ded876f64 method=com.android.jack.jayce.v0004.io.JayceInternalWriterImpl.writeFileNameIfDifferentFromCurrent(Ljava/lang/String;)V @ 5
Event: 7.439 Thread 0x00007f9d45b46800 Uncommon trap: reason=bimorphic action=maybe_recompile pc=0x00007f9dedf327a8 method=com.android.jack.jayce.v0004.io.ExportSession.getFieldId(Lcom/android/jack/ir/ast/JClassOrInterface;Ljava/lang/String;Lcom/android/jack/ir/ast/JType;Lcom/android/jack/ir/a
Event: 7.504 Thread 0x00007f9d45b47800 Uncommon trap: reason=bimorphic action=maybe_recompile pc=0x00007f9dedf327a8 method=com.android.jack.jayce.v0004.io.ExportSession.getFieldId(Lcom/android/jack/ir/ast/JClassOrInterface;Ljava/lang/String;Lcom/android/jack/ir/ast/JType;Lcom/android/jack/ir/a

Internal exceptions (10 events):
Event: 1.040 Thread 0x00007f9dfc013000 Implicit null exception at 0x00007f9ded5b6b62 to 0x00007f9ded5b6cb3
Event: 1.047 Thread 0x00007f9dfc013000 Implicit null exception at 0x00007f9ded5cbd82 to 0x00007f9ded5cbed8
Event: 1.254 Thread 0x00007f9dfc013000 Implicit null exception at 0x00007f9ded705027 to 0x00007f9ded7061c9
Event: 1.928 Thread 0x00007f9dffb3c000 Implicit null exception at 0x00007f9ded9e96a2 to 0x00007f9ded9e9e99
Event: 2.782 Thread 0x00007f9dffb3c000 Implicit null exception at 0x00007f9deddd7e4a to 0x00007f9deddd8d15
Event: 3.515 Thread 0x00007f9dfc013000 Implicit null exception at 0x00007f9ded4dbebb to 0x00007f9ded4dc4e1
Event: 3.515 Thread 0x00007f9dfc013000 Implicit null exception at 0x00007f9ded22f62f to 0x00007f9ded22f699
Event: 4.622 Thread 0x00007f9d45b46800 Implicit null exception at 0x00007f9ded622235 to 0x00007f9ded622bfd
Event: 5.246 Thread 0x00007f9d45b46800 Implicit null exception at 0x00007f9ded724725 to 0x00007f9ded725329
Event: 6.195 Thread 0x00007f9d45b4a000 Implicit null exception at 0x00007f9ded8722bd to 0x00007f9ded876f41

Events (10 events):
Event: 7.169 Executing VM operation: BulkRevokeBias done
Event: 7.186 Executing VM operation: BulkRevokeBias
Event: 7.187 Executing VM operation: BulkRevokeBias done
Event: 7.439 Thread 0x00007f9d45b46800 Uncommon trap: trap_request=0xffffffc6 fr.pc=0x00007f9dedf327a8
Event: 7.439 Thread 0x00007f9d45b46800 DEOPT PACKING pc=0x00007f9dedf327a8 sp=0x00007f9dcaa44160
Event: 7.439 Thread 0x00007f9d45b46800 DEOPT UNPACKING pc=0x00007f9ded004f69 sp=0x00007f9dcaa44050 mode 2
Event: 7.504 Thread 0x00007f9d45b47800 Uncommon trap: trap_request=0xffffffc6 fr.pc=0x00007f9dedf327a8
Event: 7.504 Thread 0x00007f9d45b47800 DEOPT PACKING pc=0x00007f9dedf327a8 sp=0x00007f9dca843180
Event: 7.504 Thread 0x00007f9d45b47800 DEOPT UNPACKING pc=0x00007f9ded004f69 sp=0x00007f9dca843070 mode 2
Event: 7.678 Executing VM operation: ParallelGCFailedAllocation


Dynamic libraries:
00400000-00401000 r-xp 00000000 08:04 9309154                            /home/artem/bin/astudio/jre/bin/java
00600000-00601000 r--p 00000000 08:04 9309154                            /home/artem/bin/astudio/jre/bin/java
00601000-00602000 rw-p 00001000 08:04 9309154                            /home/artem/bin/astudio/jre/bin/java
02162000-02183000 rw-p 00000000 00:00 0                                  [heap]
4c0000000-4dd700000 rw-p 00000000 00:00 0 
4dd700000-6c0000000 ---p 00000000 00:00 0 
6c0000000-703480000 rw-p 00000000 00:00 0 
722d00000-7c0000000 ---p 00000000 00:00 0 
7c0000000-7c02c0000 rw-p 00000000 00:00 0 
7c02c0000-800000000 ---p 00000000 00:00 0 
7f9d34000000-7f9d34262000 rw-p 00000000 00:00 0 
7f9d34262000-7f9d38000000 ---p 00000000 00:00 0 
7f9d38000000-7f9d38086000 rw-p 00000000 00:00 0 
7f9d38086000-7f9d3c000000 ---p 00000000 00:00 0 
7f9d3c000000-7f9d3c376000 rw-p 00000000 00:00 0 
7f9d3c376000-7f9d40000000 ---p 00000000 00:00 0 
7f9d40000000-7f9d401a2000 rw-p 00000000 00:00 0 
7f9d401a2000-7f9d44000000 ---p 00000000 00:00 0 
7f9d44000000-7f9d45b4c000 rw-p 00000000 00:00 0 
7f9d45b4c000-7f9d48000000 ---p 00000000 00:00 0 
7f9d48000000-7f9d48c6b000 rw-p 00000000 00:00 0 
7f9d48c6b000-7f9d4c000000 ---p 00000000 00:00 0 
7f9d4c000000-7f9d4fff9000 rw-p 00000000 00:00 0 
7f9d4fff9000-7f9d50000000 ---p 00000000 00:00 0 
7f9d50000000-7f9d53ff9000 rw-p 00000000 00:00 0 
7f9d53ff9000-7f9d54000000 ---p 00000000 00:00 0 
7f9d54000000-7f9d57ffe000 rw-p 00000000 00:00 0 
7f9d57ffe000-7f9d58000000 ---p 00000000 00:00 0 
7f9d58000000-7f9d5bffb000 rw-p 00000000 00:00 0 
7f9d5bffb000-7f9d5c000000 ---p 00000000 00:00 0 
7f9d5c000000-7f9d5f717000 rw-p 00000000 00:00 0 
7f9d5f717000-7f9d60000000 ---p 00000000 00:00 0 
7f9d60000000-7f9d64000000 rw-p 00000000 00:00 0 
7f9d64000000-7f9d67e0f000 rw-p 00000000 00:00 0 
7f9d67e0f000-7f9d68000000 ---p 00000000 00:00 0 
7f9d68000000-7f9d68021000 rw-p 00000000 00:00 0 
7f9d68021000-7f9d6c000000 ---p 00000000 00:00 0 
7f9d6c000000-7f9d6fff3000 rw-p 00000000 00:00 0 
7f9d6fff3000-7f9d70000000 ---p 00000000 00:00 0 
7f9d70000000-7f9d73ff7000 rw-p 00000000 00:00 0 
7f9d73ff7000-7f9d74000000 ---p 00000000 00:00 0 
7f9d74000000-7f9d77ff9000 rw-p 00000000 00:00 0 
7f9d77ff9000-7f9d78000000 ---p 00000000 00:00 0 
7f9d78000000-7f9d7afc4000 rw-p 00000000 00:00 0 
7f9d7afc4000-7f9d7c000000 ---p 00000000 00:00 0 
7f9d7c000000-7f9d7c021000 rw-p 00000000 00:00 0 
7f9d7c021000-7f9d80000000 ---p 00000000 00:00 0 
7f9d80000000-7f9d80021000 rw-p 00000000 00:00 0 
7f9d80021000-7f9d84000000 ---p 00000000 00:00 0 
7f9d84000000-7f9d853c0000 rw-p 00000000 00:00 0 
7f9d853c0000-7f9d88000000 ---p 00000000 00:00 0 
7f9d88000000-7f9d88021000 rw-p 00000000 00:00 0 
7f9d88021000-7f9d8c000000 ---p 00000000 00:00 0 
7f9d8c000000-7f9d8cdb7000 rw-p 00000000 00:00 0 
7f9d8cdb7000-7f9d90000000 ---p 00000000 00:00 0 
7f9d90000000-7f9d90fbf000 rw-p 00000000 00:00 0 
7f9d90fbf000-7f9d94000000 ---p 00000000 00:00 0 
7f9d94000000-7f9d94021000 rw-p 00000000 00:00 0 
7f9d94021000-7f9d98000000 ---p 00000000 00:00 0 
7f9d98000000-7f9d99ad4000 rw-p 00000000 00:00 0 
7f9d99ad4000-7f9d9c000000 ---p 00000000 00:00 0 
7f9d9c000000-7f9d9c021000 rw-p 00000000 00:00 0 
7f9d9c021000-7f9da0000000 ---p 00000000 00:00 0 
7f9da0000000-7f9da0021000 rw-p 00000000 00:00 0 
7f9da0021000-7f9da4000000 ---p 00000000 00:00 0 
7f9da4000000-7f9dbc000000 rw-p 00000000 00:00 0 
7f9dbc000000-7f9dbc021000 rw-p 00000000 00:00 0 
7f9dbc021000-7f9dc0000000 ---p 00000000 00:00 0 
7f9dc0000000-7f9dc02e9000 rw-p 00000000 00:00 0 
7f9dc02e9000-7f9dc4000000 ---p 00000000 00:00 0 
7f9dc4000000-7f9dc4021000 rw-p 00000000 00:00 0 
7f9dc4021000-7f9dc8000000 ---p 00000000 00:00 0 
7f9dca041000-7f9dca044000 ---p 00000000 00:00 0 
7f9dca044000-7f9dca242000 rw-p 00000000 00:00 0 
7f9dca242000-7f9dca245000 ---p 00000000 00:00 0 
7f9dca245000-7f9dca443000 rw-p 00000000 00:00 0 
7f9dca443000-7f9dca446000 ---p 00000000 00:00 0 
7f9dca446000-7f9dca644000 rw-p 00000000 00:00 0 
7f9dca644000-7f9dca647000 ---p 00000000 00:00 0 
7f9dca647000-7f9dca845000 rw-p 00000000 00:00 0 
7f9dca845000-7f9dca848000 ---p 00000000 00:00 0 
7f9dca848000-7f9dcaa46000 rw-p 00000000 00:00 0 
7f9dcaa46000-7f9dcaa49000 ---p 00000000 00:00 0 
7f9dcaa49000-7f9dcac47000 rw-p 00000000 00:00 0 
7f9dcac47000-7f9dcac4a000 ---p 00000000 00:00 0 
7f9dcac4a000-7f9dcae48000 rw-p 00000000 00:00 0 
7f9dcae48000-7f9dcae4b000 ---p 00000000 00:00 0 
7f9dcae4b000-7f9dcb189000 rw-p 00000000 00:00 0 
7f9dcb189000-7f9dcb249000 ---p 00000000 00:00 0 
7f9dcb249000-7f9dcb449000 rw-p 00000000 00:00 0 
7f9dcb4c4000-7f9dcb6c4000 rw-p 00000000 00:00 0 
7f9dcb6f9000-7f9dcb8f9000 rw-p 00000000 00:00 0 
7f9dcb8f9000-7f9dcb8fc000 ---p 00000000 00:00 0 
7f9dcb8fc000-7f9dcb9fa000 rw-p 00000000 00:00 0 
7f9dcb9fa000-7f9dcb9fd000 ---p 00000000 00:00 0 
7f9dcb9fd000-7f9dcbafb000 rw-p 00000000 00:00 0 
7f9dcbafb000-7f9dcbafe000 ---p 00000000 00:00 0 
7f9dcbafe000-7f9dcbbfc000 rw-p 00000000 00:00 0 
7f9dcbbfc000-7f9dcbbff000 ---p 00000000 00:00 0 
7f9dcbbff000-7f9dcbcfd000 rw-p 00000000 00:00 0 
7f9dcbcfd000-7f9dcbd00000 ---p 00000000 00:00 0 
7f9dcbd00000-7f9dcbdfe000 rw-p 00000000 00:00 0 
7f9dcbdfe000-7f9dcbe01000 ---p 00000000 00:00 0 
7f9dcbe01000-7f9dcbeff000 rw-p 00000000 00:00 0 
7f9dcbeff000-7f9dcbf02000 ---p 00000000 00:00 0 
7f9dcbf02000-7f9dcc000000 rw-p 00000000 00:00 0 
7f9dcc000000-7f9dcc021000 rw-p 00000000 00:00 0 
7f9dcc021000-7f9dd0000000 ---p 00000000 00:00 0 
7f9dd004b000-7f9dd00a6000 r--s 007d0000 08:04 1842197                    /home/artem/.gradle/caches/modules-2/files-2.1/com.google.dagger/dagger-compiler/2.7/65aa7daec6dd64bf4f3208b268c38c6a4fb2b849/dagger-compiler-2.7.jar
7f9dd00a6000-7f9dd00a9000 ---p 00000000 00:00 0 
7f9dd00a9000-7f9dd01a7000 rw-p 00000000 00:00 0 
7f9dd01a7000-7f9dd01aa000 ---p 00000000 00:00 0 
7f9dd01aa000-7f9dd04a8000 rw-p 00000000 00:00 0 
7f9dd04a8000-7f9dd06a8000 rw-p 00000000 00:00 0 
7f9dd06a8000-7f9dd06ab000 ---p 00000000 00:00 0 
7f9dd06ab000-7f9dd07a9000 rw-p 00000000 00:00 0 
7f9dd07a9000-7f9dd0800000 r--s 00540000 08:04 6037145                    /home/artem/projects/InternetRadioPlayer/app/build/intermediates/transforms/preJackRuntimeLibraries/debug/jars/8000/40/android-28315102de50fdbffa81179750137bf2609dd6a1.jar
7f9dd0800000-7f9dd080b000 r--s 0006e000 08:04 6037146                    /home/artem/projects/InternetRadioPlayer/app/build/intermediates/transforms/preJackRuntimeLibraries/debug/jars/8000/40/org.apache.http.legacy-a4ba6db8b6118e08d9c7f5565023d4b908ec2a9b.jar
7f9dd080b000-7f9dd080c000 r--s 00006000 08:04 6037013                    /home/artem/projects/InternetRadioPlayer/app/build/intermediates/transforms/preJackPackagedLibraries/debug/jars/8000/1f/classes-ab3d5b7ac12e4b931d713713e758ff477be46c14.jar
7f9dd080c000-7f9dd080f000 r--s 00010000 08:04 6037088                    /home/artem/projects/InternetRadioPlayer/app/build/intermediates/transforms/preJackPackagedLibraries/debug/jars/8000/1f/dagger-2.7-4520939f269e79fdc662e9a55c40a38497a87ed9.jar
7f9dd080f000-7f9dd0810000 r--s 00006000 08:04 6037131                    /home/artem/projects/InternetRadioPlayer/app/build/intermediates/transforms/preJackPackagedLibraries/debug/jars/8000/1f/classes-5418f652effa47889889e4e8c2fddcb75879b7e6.jar
7f9dd0810000-7f9dd081e000 r--s 000ca000 08:04 6037094                    /home/artem/projects/InternetRadioPlayer/app/build/intermediates/transforms/preJackPackagedLibraries/debug/jars/8000/1f/classes-ed8c1d013f9bd6247f05922b8e1c3d560e4a9a2d.jar
7f9dd081e000-7f9dd0845000 r--s 00328000 08:04 6037083                    /home/artem/projects/InternetRadioPlayer/app/build/intermediates/transforms/preJackPackagedLibraries/debug/jars/8000/1f/classes-13cb5bc61c0f6e93ef43da3c9fadf700313a62e2.jar
7f9dd0845000-7f9dd0848000 r--s 00044000 08:04 6037099                    /home/artem/projects/InternetRadioPlayer/app/build/intermediates/transforms/preJackPackagedLibraries/debug/jars/8000/1f/okio-1.9.0-5978f5c0e3870c5a5def0c530ae3eb06da42e1ef.jar
7f9dd0848000-7f9dd0849000 r--s 00005000 08:04 6037100                    /home/artem/projects/InternetRadioPlayer/app/build/intermediates/transforms/preJackPackagedLibraries/debug/jars/8000/1f/classes-14c8aa6cf1a3e45b585e7b1a0d7b42533496c9c0.jar
7f9dd0849000-7f9dd0852000 r--s 000d6000 08:04 6037098                    /home/artem/projects/InternetRadioPlayer/app/build/intermediates/transforms/preJackPackagedLibraries/debug/jars/8000/1f/classes-551dbe65195119bbd5f0f110b20e903b655651b7.jar
7f9dd0852000-7f9dd0856000 r--s 0000c000 08:04 6037087                    /home/artem/projects/InternetRadioPlayer/app/build/intermediates/transforms/preJackPackagedLibraries/debug/jars/8000/1f/support-annotations-25.1.0-0e7e8e0bd633346a00a6b75e60d4ee0664159f99.jar
7f9dd0856000-7f9dd0859000 r--s 00031000 08:04 6037070                    /home/artem/projects/InternetRadioPlayer/app/build/intermediates/transforms/preJackPackagedLibraries/debug/jars/8000/1f/classes-8aa49362b0c28b0e27fd4c7d3e71adda6fc8acc8.jar
7f9dd0859000-7f9dd085c000 r--s 00021000 08:04 6037134                    /home/artem/projects/InternetRadioPlayer/app/build/intermediates/transforms/preJackPackagedLibraries/debug/jars/8000/1f/classes-2c3ea2daa35bade723b0c04b5323ac1aad3a126f.jar
7f9dd085c000-7f9dd085d000 r--s 00002000 08:04 6037133                    /home/artem/projects/InternetRadioPlayer/app/build/intermediates/transforms/preJackPackagedLibraries/debug/jars/8000/1f/javax.inject-1-3d377322114f98abf4f14c34286d69abeffa62e2.jar
7f9dd085d000-7f9dd0860000 r--s 0000f000 08:04 6037071                    /home/artem/projects/InternetRadioPlayer/app/build/intermediates/transforms/preJackPackagedLibraries/debug/jars/8000/1f/classes-c94c3a4391f8a02f17286f2be76418d6b39e8641.jar
7f9dd0860000-7f9dd0862000 r--s 00012000 08:04 6037130                    /home/artem/projects/InternetRadioPlayer/app/build/intermediates/transforms/preJackPackagedLibraries/debug/jars/8000/1f/classes-d3a594374038b6fef90b2acf8004a4b791d42538.jar
7f9dd0862000-7f9dd0864000 r--s 00012000 08:04 6037010                    /home/artem/projects/InternetRadioPlayer/app/build/intermediates/transforms/preJackPackagedLibraries/debug/jars/8000/1f/classes-123363df15b56a0bec298610c72b4f3c91e66f22.jar
7f9dd0864000-7f9dd0873000 r--s 000d6000 08:04 6037086                    /home/artem/projects/InternetRadioPlayer/app/build/intermediates/transforms/preJackPackagedLibraries/debug/jars/8000/1f/junit-4.12-095f15612e9496ab2f0461fb60193d9b192b6479.jar
7f9dd0873000-7f9dd0876000 r--s 0001e000 08:04 6037127                    /home/artem/projects/InternetRadioPlayer/app/build/intermediates/transforms/preJackPackagedLibraries/debug/jars/8000/1f/hamcrest-core-1.3-902112242d0d651fbf4b89f69456bdf9d00f6f50.jar
7f9dd0876000-7f9dd0883000 r--s 00101000 08:04 6037096                    /home/artem/projects/InternetRadioPlayer/app/build/intermediates/transforms/preJackPackagedLibraries/debug/jars/8000/1f/classes-6c3dd4bbec7ab7d2c277f31bc783a56832f4ed91.jar
7f9dd0883000-7f9dd088d000 r--s 0010b000 08:04 6037067                    /home/artem/projects/InternetRadioPlayer/app/build/intermediates/transforms/preJackPackagedLibraries/debug/jars/8000/1f/okhttp-3.4.1-6d2f18c9e33d804ec71aebcb1f828d17c3030122.jar
7f9dd088d000-7f9dd088e000 r--s 00009000 08:04 6037097                    /home/artem/projects/InternetRadioPlayer/app/build/intermediates/transforms/preJackPackagedLibraries/debug/jars/8000/1f/classes-65c85040d06f70b38f0cb3dfac3ad39e9562726d.jar
7f9dd088e000-7f9dd0891000 r--s 00030000 08:04 6037066                    /home/artem/projects/InternetRadioPlayer/app/build/intermediates/transforms/preJackPackagedLibraries/debug/jars/8000/1f/activeandroid-3.1.0-SNAPSHOT-2cf833253042e2fe5c45757932e6ce5bee851018.jar
7f9dd0891000-7f9dd0892000 r--s 00009000 08:04 6037076                    /home/artem/projects/InternetRadioPlayer/app/build/intermediates/transforms/preJackPackagedLibraries/debug/jars/8000/1f/classes-b348bfcb36f2d327c4489220e7c16f3a4504b622.jar
7f9dd0892000-7f9dd089b000 r--s 000a9000 08:04 6037012                    /home/artem/projects/InternetRadioPlayer/app/build/intermediates/transforms/preJackPackagedLibraries/debug/jars/8000/1f/gson-2.8.0-8cb06d2bcd26c68a330a685a5b7c704a06e4c803.jar
7f9dd089b000-7f9dd08cf000 r--s 00318000 08:04 6037128                    /home/artem/projects/InternetRadioPlayer/app/build/intermediates/transforms/preJackPackagedLibraries/debug/jars/8000/1f/rxjava-1.2.1-39cb7fe22e086a390f920032e2a6de28178ef172.jar
7f9dd08cf000-7f9dd08d0000 r--s 00002000 08:04 6037065                    /home/artem/projects/InternetRadioPlayer/app/build/intermediates/transforms/preJackPackagedLibraries/debug/jars/8000/1f/picasso2-okhttp3-downloader-1.1.0-9e281c27f551abc27b2fc2d57b171550c9103908.jar
7f9dd08d0000-7f9dd08da000 r--s 000a6000 08:04 6037093                    /home/artem/projects/InternetRadioPlayer/app/build/intermediates/transforms/preJackPackagedLibraries/debug/jars/8000/1f/classes-85d6dac1580abf4e1a21cbb5db46f917838e6bec.jar
7f9dd08da000-7f9dd08ec000 r--s 0010a000 08:04 6037132                    /home/artem/projects/InternetRadioPlayer/app/build/intermediates/transforms/preJackPackagedLibraries/debug/jars/8000/1f/haha-2.0.2-96327205f045fd57c264eb9074cb85d6efcf1241.jar
7f9dd08ec000-7f9dd08f0000 r--s 0004c000 08:04 6037136                    /home/artem/projects/InternetRadioPlayer/app/build/intermediates/transforms/preJackPackagedLibraries/debug/jars/8000/1f/classes-bb7ca09b055374f3ca8208cb86d93efa6c2e1b53.jar
7f9dd08f0000-7f9dd08f5000 r--s 0004c000 08:04 6037092                    /home/artem/projects/InternetRadioPlayer/app/build/intermediates/transforms/preJackPackagedLibraries/debug/jars/8000/1f/classes-ecbec68305432e8b035c15460a4ae11a66aaf6e9.jar
7f9dd08f5000-7f9dd08f9000 r--s 00032000 08:04 6037137                    /home/artem/projects/InternetRadioPlayer/app/build/intermediates/transforms/preJackPackagedLibraries/debug/jars/8000/1f/classes-77c59b6e2955f588a64ff2eb81fb29c800494f63.jar
7f9dd08f9000-7f9dd08fb000 r--s 00023000 08:04 6037075                    /home/artem/projects/InternetRadioPlayer/app/build/intermediates/transforms/preJackPackagedLibraries/debug/jars/8000/1f/classes-ae030fcef5d7b339ea9e376ce4c8205250e2bf6d.jar
7f9dd08fb000-7f9dd0900000 r--s 00038000 08:04 6037079                    /home/artem/projects/InternetRadioPlayer/app/build/intermediates/transforms/preJackPackagedLibraries/debug/jars/8000/1f/classes-a8ab193838953fb7d7ae28ebd6714d37d35681cf.jar
7f9dd0900000-7f9dd0901000 r--s 00001000 08:04 6037084                    /home/artem/projects/InternetRadioPlayer/app/build/intermediates/transforms/preJackPackagedLibraries/debug/jars/8000/1f/classes-90c9d35e9c4ca457ff32723a03499495a35fb95e.jar
7f9dd0901000-7f9dd0906000 r--s 00056000 08:04 6037078                    /home/artem/projects/InternetRadioPlayer/app/build/intermediates/transforms/preJackPackagedLibraries/debug/jars/8000/1f/picasso-2.5.2-f9100ef2183081da15093b78aafa01e4a8a37f81.jar
7f9dd0906000-7f9dd090b000 r--s 0003d000 08:04 6037072                    /home/artem/projects/InternetRadioPlayer/app/build/intermediates/transforms/preJackPackagedLibraries/debug/jars/8000/1f/retrofit-2.1.0-82003fd4e1ed96566adfbdb78cfad61e30e005e4.jar
7f9dd090b000-7f9dd0910000 r--s 00057000 08:04 6037077                    /home/artem/projects/InternetRadioPlayer/app/build/intermediates/transforms/preJackPackagedLibraries/debug/jars/8000/1f/library-2.4.0-79bb31d926a644c8778d8b8f6022f8ccf81acfbf.jar
7f9dd0910000-7f9dd0b10000 rw-p 00000000 00:00 0 
7f9dd0b10000-7f9dd0b14000 r--s 00023000 08:04 6037091                    /home/artem/projects/InternetRadioPlayer/app/build/intermediates/transforms/preJackPackagedLibraries/debug/jars/8000/1f/classes-77a4ada42da29a3b796b0c1b9bcd67f5790050a0.jar
7f9dd0b14000-7f9dd0b6a000 r--s 00552000 08:04 6037081                    /home/artem/projects/InternetRadioPlayer/app/build/intermediates/transforms/preJackPackagedLibraries/debug/jars/8000/1f/rxjava-2.0.0-ad9b1c29a126c40d89b194e4534f2fa3bc16888a.jar
7f9dd0b6a000-7f9dd0b94000 r--s 00207000 08:04 6037085                    /home/artem/projects/InternetRadioPlayer/app/build/intermediates/transforms/preJackPackagedLibraries/debug/jars/8000/1f/classes-7a8911029113ff1a69bc4c54d12b9f1c1689dd9f.jar
7f9dd0b94000-7f9dd0bc2000 r--s 002fc000 08:04 6037074                    /home/artem/projects/InternetRadioPlayer/app/build/intermediates/transforms/preJackPackagedLibraries/debug/jars/8000/1f/classes-d4efbaf40dfc8b7dc3edc173de1acf83327f27c1.jar
7f9dd0bc2000-7f9dd0bcb000 r-xp 00000000 08:04 263893                     /home/artem/bin/astudio/jre/jre/lib/amd64/libmanagement.so
7f9dd0bcb000-7f9dd0dca000 ---p 00009000 08:04 263893                     /home/artem/bin/astudio/jre/jre/lib/amd64/libmanagement.so
7f9dd0dca000-7f9dd0dcb000 r--p 00008000 08:04 263893                     /home/artem/bin/astudio/jre/jre/lib/amd64/libmanagement.so
7f9dd0dcb000-7f9dd0dcc000 rw-p 00009000 08:04 263893                     /home/artem/bin/astudio/jre/jre/lib/amd64/libmanagement.so
7f9dd0dcc000-7f9dd0de2000 r-xp 00000000 08:05 529830                     /lib/x86_64-linux-gnu/libgcc_s.so.1
7f9dd0de2000-7f9dd0fe1000 ---p 00016000 08:05 529830                     /lib/x86_64-linux-gnu/libgcc_s.so.1
7f9dd0fe1000-7f9dd0fe2000 rw-p 00015000 08:05 529830                     /lib/x86_64-linux-gnu/libgcc_s.so.1
7f9dd0fe2000-7f9dd0fe3000 r--s 00007000 08:04 6037069                    /home/artem/projects/InternetRadioPlayer/app/build/intermediates/transforms/preJackPackagedLibraries/debug/jars/8000/1f/classes-7176c017a36c03af9a957c5c64c8c0aea11edb96.jar
7f9dd0fe3000-7f9dd0fe4000 r--s 00001000 08:04 6037139                    /home/artem/projects/InternetRadioPlayer/app/build/intermediates/transforms/preJackPackagedLibraries/debug/jars/8000/1f/reactive-streams-1.0.0-55f6deacdfd2cfc0b533362ccb383071d7933f98.jar
7f9dd0fe4000-7f9dd0fed000 r--s 0012c000 08:04 6037011                    /home/artem/projects/InternetRadioPlayer/app/build/intermediates/transforms/preJackPackagedLibraries/debug/jars/8000/1f/classes-386780cd4be1bd7971d39752b00a3e7c8de34e17.jar
7f9dd0fed000-7f9dd1001000 r--s 0020b000 08:04 6037073                    /home/artem/projects/InternetRadioPlayer/app/build/intermediates/transforms/preJackPackagedLibraries/debug/jars/8000/1f/classes-8895bed59b9016ef0b2c306bd717122f821b8f72.jar
7f9dd1001000-7f9dd1004000 r--s 00022000 08:04 6037138                    /home/artem/projects/InternetRadioPlayer/app/build/intermediates/transforms/preJackPackagedLibraries/debug/jars/8000/1f/classes-ae65614ce8a0ecdb1396b8467f0ddafc77ae728b.jar
7f9dd1004000-7f9dd103a000 r-xp 00000000 08:04 263901                     /home/artem/bin/astudio/jre/jre/lib/amd64/libsunec.so
7f9dd103a000-7f9dd1239000 ---p 00036000 08:04 263901                     /home/artem/bin/astudio/jre/jre/lib/amd64/libsunec.so
7f9dd1239000-7f9dd123e000 r--p 00035000 08:04 263901                     /home/artem/bin/astudio/jre/jre/lib/amd64/libsunec.so
7f9dd123e000-7f9dd1240000 rw-p 0003a000 08:04 263901                     /home/artem/bin/astudio/jre/jre/lib/amd64/libsunec.so
7f9dd1240000-7f9dd1251000 rw-p 00000000 00:00 0 
7f9dd1251000-7f9dd131e000 r--s 00aca000 08:04 406647                     /home/artem/bin/sdk/build-tools/25.0.2/jack.jar
7f9dd131e000-7f9dd131f000 ---p 00000000 00:00 0 
7f9dd131f000-7f9dd141f000 rw-p 00000000 00:00 0 
7f9dd141f000-7f9dd1422000 ---p 00000000 00:00 0 
7f9dd1422000-7f9dd1520000 rw-p 00000000 00:00 0 
7f9dd1520000-7f9dd1523000 ---p 00000000 00:00 0 
7f9dd1523000-7f9dd1621000 rw-p 00000000 00:00 0 
7f9dd1621000-7f9dd1624000 ---p 00000000 00:00 0 
7f9dd1624000-7f9dd1722000 rw-p 00000000 00:00 0 
7f9dd1722000-7f9dd1725000 ---p 00000000 00:00 0 
7f9dd1725000-7f9dd1823000 rw-p 00000000 00:00 0 
7f9dd1823000-7f9dd1826000 ---p 00000000 00:00 0 
7f9dd1826000-7f9dd1924000 rw-p 00000000 00:00 0 
7f9dd1924000-7f9dd1927000 ---p 00000000 00:00 0 
7f9dd1927000-7f9dd1a25000 rw-p 00000000 00:00 0 
7f9dd1a25000-7f9dd1e74000 r--p 00000000 08:05 394992                     /usr/lib/locale/locale-archive
7f9dd1e74000-7f9dd1e77000 ---p 00000000 00:00 0 
7f9dd1e77000-7f9dd1f75000 rw-p 00000000 00:00 0 
7f9dd1f75000-7f9dd1f78000 ---p 00000000 00:00 0 
7f9dd1f78000-7f9dd2076000 rw-p 00000000 00:00 0 
7f9dd2076000-7f9dd2077000 ---p 00000000 00:00 0 
7f9dd2077000-7f9dd3dbb000 rw-p 00000000 00:00 0 
7f9dd3dbb000-7f9dd3f8a000 r--s 03c1b000 08:04 309409                     /home/artem/bin/astudio/jre/jre/lib/rt.jar
7f9dd3f8a000-7f9dd4000000 rw-p 00000000 00:00 0 
7f9dd4000000-7f9dd4021000 rw-p 00000000 00:00 0 
7f9dd4021000-7f9dd8000000 ---p 00000000 00:00 0 
7f9dd8000000-7f9dd8021000 rw-p 00000000 00:00 0 
7f9dd8021000-7f9ddc000000 ---p 00000000 00:00 0 
7f9ddc000000-7f9ddc021000 rw-p 00000000 00:00 0 
7f9ddc021000-7f9de0000000 ---p 00000000 00:00 0 
7f9de0000000-7f9de0021000 rw-p 00000000 00:00 0 
7f9de0021000-7f9de4000000 ---p 00000000 00:00 0 
7f9de4000000-7f9de4021000 rw-p 00000000 00:00 0 
7f9de4021000-7f9de8000000 ---p 00000000 00:00 0 
7f9de8000000-7f9de8002000 r--s 00002000 08:04 6037129                    /home/artem/projects/InternetRadioPlayer/app/build/intermediates/transforms/preJackPackagedLibraries/debug/jars/8000/1f/converter-gson-2.1.0-1dbf51cedc3b8e448392a69989c75e0b2aaededb.jar
7f9de8002000-7f9de8006000 r--s 00026000 08:04 6037068                    /home/artem/projects/InternetRadioPlayer/app/build/intermediates/transforms/preJackPackagedLibraries/debug/jars/8000/1f/classes-5014dfca5854397df556e52840fb985bb510e9aa.jar
7f9de8006000-7f9de8008000 r--s 00011000 08:04 6037090                    /home/artem/projects/InternetRadioPlayer/app/build/intermediates/transforms/preJackPackagedLibraries/debug/jars/8000/1f/leakcanary-analyzer-1.4-beta2-c85f6b9b1c60394f7394c36c2e9728f79eb4c145.jar
7f9de8008000-7f9dea0f8000 rw-p 00000000 00:00 0 
7f9dea0f8000-7f9dea0f9000 ---p 00000000 00:00 0 
7f9dea0f9000-7f9dea1f9000 rw-p 00000000 00:00 0 
7f9dea1f9000-7f9dea1fa000 ---p 00000000 00:00 0 
7f9dea1fa000-7f9dea2fa000 rw-p 00000000 00:00 0 
7f9dea2fa000-7f9dea2fb000 ---p 00000000 00:00 0 
7f9dea2fb000-7f9dea3fb000 rw-p 00000000 00:00 0 
7f9dea3fb000-7f9dea3fc000 ---p 00000000 00:00 0 
7f9dea3fc000-7f9dea4fc000 rw-p 00000000 00:00 0 
7f9dea4fc000-7f9dea4fd000 ---p 00000000 00:00 0 
7f9dea4fd000-7f9dea5fd000 rw-p 00000000 00:00 0 
7f9dea5fd000-7f9dea5fe000 ---p 00000000 00:00 0 
7f9dea5fe000-7f9dea6fe000 rw-p 00000000 00:00 0 
7f9dea6fe000-7f9dea6ff000 ---p 00000000 00:00 0 
7f9dea6ff000-7f9dea8eb000 rw-p 00000000 00:00 0 
7f9dea8eb000-7f9deb7ff000 ---p 00000000 00:00 0 
7f9deb7ff000-7f9deb8eb000 rw-p 00000000 00:00 0 
7f9deb8eb000-7f9dec7ff000 ---p 00000000 00:00 0 
7f9dec7ff000-7f9deca1a000 rw-p 00000000 00:00 0 
7f9deca1a000-7f9decfff000 ---p 00000000 00:00 0 
7f9decfff000-7f9ded000000 rw-p 00000000 00:00 0 
7f9ded000000-7f9dee030000 rwxp 00000000 00:00 0 
7f9dee030000-7f9dfc000000 ---p 00000000 00:00 0 
7f9dfc000000-7f9dffffa000 rw-p 00000000 00:00 0 
7f9dffffa000-7f9e00000000 ---p 00000000 00:00 0 
7f9e00000000-7f9e00005000 r--s 0008e000 08:04 6037135                    /home/artem/projects/InternetRadioPlayer/app/build/intermediates/transforms/preJackPackagedLibraries/debug/jars/8000/1f/classes-6693a401912699501b280a88ebf8fadeff82cb45.jar
7f9e00005000-7f9e00006000 ---p 00000000 00:00 0 
7f9e00006000-7f9e00147000 rw-p 00000000 00:00 0 
7f9e00147000-7f9e004c6000 ---p 00000000 00:00 0 
7f9e004c6000-7f9e004e0000 r-xp 00000000 08:04 263904                     /home/artem/bin/astudio/jre/jre/lib/amd64/libzip.so
7f9e004e0000-7f9e006e0000 ---p 0001a000 08:04 263904                     /home/artem/bin/astudio/jre/jre/lib/amd64/libzip.so
7f9e006e0000-7f9e006e1000 r--p 0001a000 08:04 263904                     /home/artem/bin/astudio/jre/jre/lib/amd64/libzip.so
7f9e006e1000-7f9e006e2000 rw-p 0001b000 08:04 263904                     /home/artem/bin/astudio/jre/jre/lib/amd64/libzip.so
7f9e006e2000-7f9e006ed000 r-xp 00000000 08:05 525431                     /lib/x86_64-linux-gnu/libnss_files-2.23.so
7f9e006ed000-7f9e008ec000 ---p 0000b000 08:05 525431                     /lib/x86_64-linux-gnu/libnss_files-2.23.so
7f9e008ec000-7f9e008ed000 r--p 0000a000 08:05 525431                     /lib/x86_64-linux-gnu/libnss_files-2.23.so
7f9e008ed000-7f9e008ee000 rw-p 0000b000 08:05 525431                     /lib/x86_64-linux-gnu/libnss_files-2.23.so
7f9e008ee000-7f9e008f4000 rw-p 00000000 00:00 0 
7f9e008f4000-7f9e008ff000 r-xp 00000000 08:05 525403                     /lib/x86_64-linux-gnu/libnss_nis-2.23.so
7f9e008ff000-7f9e00afe000 ---p 0000b000 08:05 525403                     /lib/x86_64-linux-gnu/libnss_nis-2.23.so
7f9e00afe000-7f9e00aff000 r--p 0000a000 08:05 525403                     /lib/x86_64-linux-gnu/libnss_nis-2.23.so
7f9e00aff000-7f9e00b00000 rw-p 0000b000 08:05 525403                     /lib/x86_64-linux-gnu/libnss_nis-2.23.so
7f9e00b00000-7f9e00b16000 r-xp 00000000 08:05 525425                     /lib/x86_64-linux-gnu/libnsl-2.23.so
7f9e00b16000-7f9e00d15000 ---p 00016000 08:05 525425                     /lib/x86_64-linux-gnu/libnsl-2.23.so
7f9e00d15000-7f9e00d16000 r--p 00015000 08:05 525425                     /lib/x86_64-linux-gnu/libnsl-2.23.so
7f9e00d16000-7f9e00d17000 rw-p 00016000 08:05 525425                     /lib/x86_64-linux-gnu/libnsl-2.23.so
7f9e00d17000-7f9e00d19000 rw-p 00000000 00:00 0 
7f9e00d19000-7f9e00d21000 r-xp 00000000 08:05 525427                     /lib/x86_64-linux-gnu/libnss_compat-2.23.so
7f9e00d21000-7f9e00f20000 ---p 00008000 08:05 525427                     /lib/x86_64-linux-gnu/libnss_compat-2.23.so
7f9e00f20000-7f9e00f21000 r--p 00007000 08:05 525427                     /lib/x86_64-linux-gnu/libnss_compat-2.23.so
7f9e00f21000-7f9e00f22000 rw-p 00008000 08:05 525427                     /lib/x86_64-linux-gnu/libnss_compat-2.23.so
7f9e00f22000-7f9e00f4f000 r-xp 00000000 08:04 309414                     /home/artem/bin/astudio/jre/jre/lib/amd64/libjava.so
7f9e00f4f000-7f9e0114e000 ---p 0002d000 08:04 309414                     /home/artem/bin/astudio/jre/jre/lib/amd64/libjava.so
7f9e0114e000-7f9e0114f000 r--p 0002c000 08:04 309414                     /home/artem/bin/astudio/jre/jre/lib/amd64/libjava.so
7f9e0114f000-7f9e01151000 rw-p 0002d000 08:04 309414                     /home/artem/bin/astudio/jre/jre/lib/amd64/libjava.so
7f9e01151000-7f9e01161000 r-xp 00000000 08:04 263903                     /home/artem/bin/astudio/jre/jre/lib/amd64/libverify.so
7f9e01161000-7f9e01360000 ---p 00010000 08:04 263903                     /home/artem/bin/astudio/jre/jre/lib/amd64/libverify.so
7f9e01360000-7f9e01362000 r--p 0000f000 08:04 263903                     /home/artem/bin/astudio/jre/jre/lib/amd64/libverify.so
7f9e01362000-7f9e01363000 rw-p 00011000 08:04 263903                     /home/artem/bin/astudio/jre/jre/lib/amd64/libverify.so
7f9e01363000-7f9e0136a000 r-xp 00000000 08:05 525401                     /lib/x86_64-linux-gnu/librt-2.23.so
7f9e0136a000-7f9e01569000 ---p 00007000 08:05 525401                     /lib/x86_64-linux-gnu/librt-2.23.so
7f9e01569000-7f9e0156a000 r--p 00006000 08:05 525401                     /lib/x86_64-linux-gnu/librt-2.23.so
7f9e0156a000-7f9e0156b000 rw-p 00007000 08:05 525401                     /lib/x86_64-linux-gnu/librt-2.23.so
7f9e0156b000-7f9e01673000 r-xp 00000000 08:05 525421                     /lib/x86_64-linux-gnu/libm-2.23.so
7f9e01673000-7f9e01872000 ---p 00108000 08:05 525421                     /lib/x86_64-linux-gnu/libm-2.23.so
7f9e01872000-7f9e01873000 r--p 00107000 08:05 525421                     /lib/x86_64-linux-gnu/libm-2.23.so
7f9e01873000-7f9e01874000 rw-p 00108000 08:05 525421                     /lib/x86_64-linux-gnu/libm-2.23.so
7f9e01874000-7f9e02465000 r-xp 00000000 08:04 397959                     /home/artem/bin/astudio/jre/jre/lib/amd64/server/libjvm.so
7f9e02465000-7f9e02665000 ---p 00bf1000 08:04 397959                     /home/artem/bin/astudio/jre/jre/lib/amd64/server/libjvm.so
7f9e02665000-7f9e02704000 r--p 00bf1000 08:04 397959                     /home/artem/bin/astudio/jre/jre/lib/amd64/server/libjvm.so
7f9e02704000-7f9e0272d000 rw-p 00c90000 08:04 397959                     /home/artem/bin/astudio/jre/jre/lib/amd64/server/libjvm.so
7f9e0272d000-7f9e02771000 rw-p 00000000 00:00 0 
7f9e02771000-7f9e02789000 r-xp 00000000 08:05 525423                     /lib/x86_64-linux-gnu/libpthread-2.23.so
7f9e02789000-7f9e02988000 ---p 00018000 08:05 525423                     /lib/x86_64-linux-gnu/libpthread-2.23.so
7f9e02988000-7f9e02989000 r--p 00017000 08:05 525423                     /lib/x86_64-linux-gnu/libpthread-2.23.so
7f9e02989000-7f9e0298a000 rw-p 00018000 08:05 525423                     /lib/x86_64-linux-gnu/libpthread-2.23.so
7f9e0298a000-7f9e0298e000 rw-p 00000000 00:00 0 
7f9e0298e000-7f9e02991000 r-xp 00000000 08:05 525409                     /lib/x86_64-linux-gnu/libdl-2.23.so
7f9e02991000-7f9e02b90000 ---p 00003000 08:05 525409                     /lib/x86_64-linux-gnu/libdl-2.23.so
7f9e02b90000-7f9e02b91000 r--p 00002000 08:05 525409                     /lib/x86_64-linux-gnu/libdl-2.23.so
7f9e02b91000-7f9e02b92000 rw-p 00003000 08:05 525409                     /lib/x86_64-linux-gnu/libdl-2.23.so
7f9e02b92000-7f9e02d51000 r-xp 00000000 08:05 525411                     /lib/x86_64-linux-gnu/libc-2.23.so
7f9e02d51000-7f9e02f51000 ---p 001bf000 08:05 525411                     /lib/x86_64-linux-gnu/libc-2.23.so
7f9e02f51000-7f9e02f55000 r--p 001bf000 08:05 525411                     /lib/x86_64-linux-gnu/libc-2.23.so
7f9e02f55000-7f9e02f57000 rw-p 001c3000 08:05 525411                     /lib/x86_64-linux-gnu/libc-2.23.so
7f9e02f57000-7f9e02f5b000 rw-p 00000000 00:00 0 
7f9e02f5b000-7f9e02f71000 r-xp 00000000 08:04 792295                     /home/artem/bin/astudio/jre/lib/amd64/jli/libjli.so
7f9e02f71000-7f9e03170000 ---p 00016000 08:04 792295                     /home/artem/bin/astudio/jre/lib/amd64/jli/libjli.so
7f9e03170000-7f9e03171000 r--p 00015000 08:04 792295                     /home/artem/bin/astudio/jre/lib/amd64/jli/libjli.so
7f9e03171000-7f9e03172000 rw-p 00016000 08:04 792295                     /home/artem/bin/astudio/jre/lib/amd64/jli/libjli.so
7f9e03172000-7f9e03198000 r-xp 00000000 08:05 525389                     /lib/x86_64-linux-gnu/ld-2.23.so
7f9e03198000-7f9e03199000 r--s 00001000 08:04 6037101                    /home/artem/projects/InternetRadioPlayer/app/build/intermediates/transforms/preJackPackagedLibraries/debug/jars/8000/1f/classes-6d511bd02d6ce7ddac90e99af962d0e1e7588652.jar
7f9e03199000-7f9e0319b000 r--s 0000b000 08:04 6037095                    /home/artem/projects/InternetRadioPlayer/app/build/intermediates/transforms/preJackPackagedLibraries/debug/jars/8000/1f/leakcanary-watcher-1.4-beta2-ba9d9a581b1356abd8245a519d5d226cbf4951df.jar
7f9e0319b000-7f9e0319d000 r--s 0000b000 08:04 6037082                    /home/artem/projects/InternetRadioPlayer/app/build/intermediates/transforms/preJackPackagedLibraries/debug/jars/8000/1f/adapter-rxjava-2.1.0-e9047e0cde657692748d0be32ade3c311347a851.jar
7f9e0319d000-7f9e0326e000 rw-p 00000000 00:00 0 
7f9e0326e000-7f9e03271000 ---p 00000000 00:00 0 
7f9e03271000-7f9e03373000 rw-p 00000000 00:00 0 
7f9e03373000-7f9e03374000 r--s 00010000 08:04 6037064                    /home/artem/projects/InternetRadioPlayer/app/build/intermediates/transforms/preJackPackagedLibraries/debug/jars/8000/1f/classes-54d91fb557e7c2b1a9917f144cc285c05c32c4fc.jar
7f9e03374000-7f9e03379000 r--s 0003d000 08:04 6037089                    /home/artem/projects/InternetRadioPlayer/app/build/intermediates/transforms/preJackPackagedLibraries/debug/jars/8000/1f/classes-f60fe62cc6b426df2921d6fe6b21bdd5a7e41924.jar
7f9e03379000-7f9e0337e000 r--s 0003b000 08:04 397952                     /home/artem/bin/astudio/jre/jre/lib/ext/sunjce_provider.jar
7f9e0337e000-7f9e0337f000 r--s 00008000 08:04 397956                     /home/artem/bin/astudio/jre/jre/lib/ext/sunec.jar
7f9e0337f000-7f9e03383000 r--s 00037000 08:04 397954                     /home/artem/bin/astudio/jre/jre/lib/ext/sunpkcs11.jar
7f9e03383000-7f9e03386000 r--s 00015000 08:04 309416                     /home/artem/bin/astudio/jre/jre/lib/jce.jar
7f9e03386000-7f9e0338b000 r--s 00098000 08:04 309410                     /home/artem/bin/astudio/jre/jre/lib/jsse.jar
7f9e0338b000-7f9e03393000 rw-s 00000000 08:05 949482                     /tmp/hsperfdata_artem/10812
7f9e03393000-7f9e03394000 rw-p 00000000 00:00 0 
7f9e03394000-7f9e03395000 ---p 00000000 00:00 0 
7f9e03395000-7f9e03397000 rw-p 00000000 00:00 0 
7f9e03397000-7f9e03398000 r--p 00025000 08:05 525389                     /lib/x86_64-linux-gnu/ld-2.23.so
7f9e03398000-7f9e03399000 rw-p 00026000 08:05 525389                     /lib/x86_64-linux-gnu/ld-2.23.so
7f9e03399000-7f9e0339a000 rw-p 00000000 00:00 0 
7ffc57804000-7ffc5782a000 rw-p 00000000 00:00 0                          [stack]
7ffc579d9000-7ffc579db000 r--p 00000000 00:00 0                          [vvar]
7ffc579db000-7ffc579dd000 r-xp 00000000 00:00 0                          [vdso]
ffffffffff600000-ffffffffff601000 r-xp 00000000 00:00 0                  [vsyscall]

VM Arguments:
jvm_args: -Djava.awt.headless=true -Xmx1024M -Dfile.encoding=UTF-8 -Duser.country=US -Duser.language=en -Duser.variant -Xmx12g 
java_command: com.android.jack.Main -D jack.dex.optimize=true -D jack.reporter=sdk -D jack.dex.debug.vars=true --classpath /home/artem/projects/InternetRadioPlayer/app/build/intermediates/transforms/preJackRuntimeLibraries/debug/jars/8000/40/org.apache.http.legacy-a4ba6db8b6118e08d9c7f5565023d4b908ec2a9b.jar:/home/artem/projects/InternetRadioPlayer/app/build/intermediates/transforms/preJackRuntimeLibraries/debug/jars/8000/40/android-28315102de50fdbffa81179750137bf2609dd6a1.jar --import /home/artem/projects/InternetRadioPlayer/app/build/intermediates/transforms/preJackPackagedLibraries/debug/jars/8000/1f/classes-d4efbaf40dfc8b7dc3edc173de1acf83327f27c1.jar --import /home/artem/projects/InternetRadioPlayer/app/build/intermediates/transforms/preJackPackagedLibraries/debug/jars/8000/1f/classes-f60fe62cc6b426df2921d6fe6b21bdd5a7e41924.jar --import /home/artem/projects/InternetRadioPlayer/app/build/intermediates/transforms/preJackPackagedLibraries/debug/jars/8000/1f/adapter-rxjava-2.1.0-e9047e0cde657692748d0be32ade3c311347a851.jar --import /home/artem/projects/InternetRadioPlayer/app/build/intermediates/transforms/preJackPackagedLibraries/debug/jars/8000/1f/leakcanary-watcher-1.4-beta2-ba9d9a581b1356abd8245a519d5d226cbf4951df.jar --import /home/artem/projects/InternetRadioPlayer/app/build/intermediates/transforms/preJackPackagedLibraries/debug/jars/8000/1f/classes-7a8911029113ff1a69bc4c54d12b9f1c1689dd9f.jar --import /home/artem/projects/InternetRadioPlayer/app/build/intermediates/transforms/preJackPackagedLibraries/debug/jars/8000/1f/rxjava-2.0.0-ad9b1c29a126c40d89b194e4534f2fa3bc16888a.jar --import /home/artem/projects/InternetRadioPlayer/app/build/intermediates/transforms/preJackPackagedLibraries/debug/jars/8000/1f/classes-6693a401912699501b280a88ebf8fadeff82cb45.jar --import /home/artem/projects/InternetRadioPlayer/app/build/intermediates/transforms/preJackPackagedLibraries/debug/jars/8000/1f/classes-54d91fb557e7c2b1a9917f144cc285c05c32c4fc.jar --import /home/artem/
java_class_path (initial): /home/artem/bin/sdk/build-tools/25.0.2/jack.jar
Launcher Type: SUN_STANDARD

Environment Variables:
JAVA_HOME=/usr/lib/jvm/java-8-openjdk-amd64
_JAVA_OPTIONS=-Xmx12g
PATH=/home/artem/bin/sdk:/usr/lib/jvm/java-8-openjdk-amd64:/home/artem/bin/sdk/ndk-bundle:/home/artem/bin/sdk/build-tools/23.0.3:/home/artem/bin/sdk/platform-tools:/home/artem/bin/sdk/tools:/home/artem/bin/astudio/bin:/home/artem/bin:/home/artem/bin:/usr/local/sbin:/usr/local/bin:/usr/sbin:/usr/bin:/sbin:/bin:/usr/games:/usr/local/games:/snap/bin:/home/artem/renesas/automation/scripts:/home/artem/bin/pycharm/bin:/home/artem/bin/bin/
LD_LIBRARY_PATH=/home/artem/bin/astudio/bin:
SHELL=/bin/bash
DISPLAY=:0

Signal Handlers:
SIGSEGV: [libjvm.so+0x9e5150], sa_mask[0]=11111111011111111101111111111110, sa_flags=SA_RESTART|SA_SIGINFO
SIGBUS: [libjvm.so+0x9e5150], sa_mask[0]=11111111011111111101111111111110, sa_flags=SA_RESTART|SA_SIGINFO
SIGFPE: [libjvm.so+0x848450], sa_mask[0]=11111111011111111101111111111110, sa_flags=SA_RESTART|SA_SIGINFO
SIGPIPE: [libjvm.so+0x848450], sa_mask[0]=11111111011111111101111111111110, sa_flags=SA_RESTART|SA_SIGINFO
SIGXFSZ: [libjvm.so+0x848450], sa_mask[0]=11111111011111111101111111111110, sa_flags=SA_RESTART|SA_SIGINFO
SIGILL: [libjvm.so+0x848450], sa_mask[0]=11111111011111111101111111111110, sa_flags=SA_RESTART|SA_SIGINFO
SIGUSR1: SIG_DFL, sa_mask[0]=00000000000000000000000000000000, sa_flags=none
SIGUSR2: [libjvm.so+0x848320], sa_mask[0]=00100000000000000000000000000000, sa_flags=SA_RESTART|SA_SIGINFO
SIGHUP: [libjvm.so+0x848510], sa_mask[0]=11111111011111111101111111111110, sa_flags=SA_RESTART|SA_SIGINFO
SIGINT: [libjvm.so+0x848510], sa_mask[0]=11111111011111111101111111111110, sa_flags=SA_RESTART|SA_SIGINFO
SIGTERM: [libjvm.so+0x848510], sa_mask[0]=11111111011111111101111111111110, sa_flags=SA_RESTART|SA_SIGINFO
SIGQUIT: [libjvm.so+0x848510], sa_mask[0]=11111111011111111101111111111110, sa_flags=SA_RESTART|SA_SIGINFO


---------------  S Y S T E M  ---------------

OS:DISTRIB_ID=Ubuntu
DISTRIB_RELEASE=16.04
DISTRIB_CODENAME=xenial
DISTRIB_DESCRIPTION="Ubuntu 16.04.1 LTS"

uname:Linux 4.4.0-59-generic #80-Ubuntu SMP Fri Jan 6 17:47:47 UTC 2017 x86_64
libc:glibc 2.23 NPTL 2.23 
rlimit: STACK 8192k, CORE 0k, NPROC 63639, NOFILE 65536, AS infinity
load average:3.47 3.48 2.68

/proc/meminfo:
MemTotal:       16331916 kB
MemFree:          189672 kB
MemAvailable:     117496 kB
Buffers:            5052 kB
Cached:           594792 kB
SwapCached:       107804 kB
Active:         13946668 kB
Inactive:        1871588 kB
Active(anon):   13888624 kB
Inactive(anon):  1813480 kB
Active(file):      58044 kB
Inactive(file):    58108 kB
Unevictable:         660 kB
Mlocked:             660 kB
SwapTotal:       8386556 kB
SwapFree:          86492 kB
Dirty:               580 kB
Writeback:           980 kB
AnonPages:      15112268 kB
Mapped:           272260 kB
Shmem:            485088 kB
Slab:             131040 kB
SReclaimable:      77108 kB
SUnreclaim:        53932 kB
KernelStack:       17520 kB
PageTables:       103648 kB
NFS_Unstable:          0 kB
Bounce:                0 kB
WritebackTmp:          0 kB
CommitLimit:    16552512 kB
Committed_AS:   26949816 kB
VmallocTotal:   34359738367 kB
VmallocUsed:           0 kB
VmallocChunk:          0 kB
HardwareCorrupted:     0 kB
AnonHugePages:   5058560 kB
CmaTotal:              0 kB
CmaFree:               0 kB
HugePages_Total:       0
HugePages_Free:        0
HugePages_Rsvd:        0
HugePages_Surp:        0
Hugepagesize:       2048 kB
DirectMap4k:      125068 kB
DirectMap2M:     5017600 kB
DirectMap1G:    11534336 kB


CPU:total 8 (4 cores per cpu, 2 threads per core) family 6 model 94 stepping 3, cmov, cx8, fxsr, mmx, sse, sse2, sse3, ssse3, sse4.1, sse4.2, popcnt, avx, avx2, aes, clmul, erms, rtm, 3dnowpref, lzcnt, ht, tsc, tscinvbit, bmi1, bmi2, adx

/proc/cpuinfo:
processor	: 0
vendor_id	: GenuineIntel
cpu family	: 6
model		: 94
model name	: Intel(R) Core(TM) i7-6700K CPU @ 4.00GHz
stepping	: 3
microcode	: 0x84
cpu MHz		: 3679.531
cache size	: 8192 KB
physical id	: 0
siblings	: 8
core id		: 0
cpu cores	: 4
apicid		: 0
initial apicid	: 0
fpu		: yes
fpu_exception	: yes
cpuid level	: 22
wp		: yes
flags		: fpu vme de pse tsc msr pae mce cx8 apic sep mtrr pge mca cmov pat pse36 clflush dts acpi mmx fxsr sse sse2 ss ht tm pbe syscall nx pdpe1gb rdtscp lm constant_tsc art arch_perfmon pebs bts rep_good nopl xtopology nonstop_tsc aperfmperf eagerfpu pni pclmulqdq dtes64 monitor ds_cpl vmx est tm2 ssse3 sdbg fma cx16 xtpr pdcm pcid sse4_1 sse4_2 x2apic movbe popcnt tsc_deadline_timer aes xsave avx f16c rdrand lahf_lm abm 3dnowprefetch intel_pt tpr_shadow vnmi flexpriority ept vpid fsgsbase tsc_adjust bmi1 hle avx2 smep bmi2 erms invpcid rtm mpx rdseed adx smap clflushopt xsaveopt xsavec xgetbv1 dtherm ida arat pln pts hwp hwp_notify hwp_act_window hwp_epp
bugs		:
bogomips	: 8016.73
clflush size	: 64
cache_alignment	: 64
address sizes	: 39 bits physical, 48 bits virtual
power management:

processor	: 1
vendor_id	: GenuineIntel
cpu family	: 6
model		: 94
model name	: Intel(R) Core(TM) i7-6700K CPU @ 4.00GHz
stepping	: 3
microcode	: 0x84
cpu MHz		: 3288.281
cache size	: 8192 KB
physical id	: 0
siblings	: 8
core id		: 1
cpu cores	: 4
apicid		: 2
initial apicid	: 2
fpu		: yes
fpu_exception	: yes
cpuid level	: 22
wp		: yes
flags		: fpu vme de pse tsc msr pae mce cx8 apic sep mtrr pge mca cmov pat pse36 clflush dts acpi mmx fxsr sse sse2 ss ht tm pbe syscall nx pdpe1gb rdtscp lm constant_tsc art arch_perfmon pebs bts rep_good nopl xtopology nonstop_tsc aperfmperf eagerfpu pni pclmulqdq dtes64 monitor ds_cpl vmx est tm2 ssse3 sdbg fma cx16 xtpr pdcm pcid sse4_1 sse4_2 x2apic movbe popcnt tsc_deadline_timer aes xsave avx f16c rdrand lahf_lm abm 3dnowprefetch intel_pt tpr_shadow vnmi flexpriority ept vpid fsgsbase tsc_adjust bmi1 hle avx2 smep bmi2 erms invpcid rtm mpx rdseed adx smap clflushopt xsaveopt xsavec xgetbv1 dtherm ida arat pln pts hwp hwp_notify hwp_act_window hwp_epp
bugs		:
bogomips	: 8016.73
clflush size	: 64
cache_alignment	: 64
address sizes	: 39 bits physical, 48 bits virtual
power management:

processor	: 2
vendor_id	: GenuineIntel
cpu family	: 6
model		: 94
model name	: Intel(R) Core(TM) i7-6700K CPU @ 4.00GHz
stepping	: 3
microcode	: 0x84
cpu MHz		: 3753.906
cache size	: 8192 KB
physical id	: 0
siblings	: 8
core id		: 2
cpu cores	: 4
apicid		: 4
initial apicid	: 4
fpu		: yes
fpu_exception	: yes
cpuid level	: 22
wp		: yes
flags		: fpu vme de pse tsc msr pae mce cx8 apic sep mtrr pge mca cmov pat pse36 clflush dts acpi mmx fxsr sse sse2 ss ht tm pbe syscall nx pdpe1gb rdtscp lm constant_tsc art arch_perfmon pebs bts rep_good nopl xtopology nonstop_tsc aperfmperf eagerfpu pni pclmulqdq dtes64 monitor ds_cpl vmx est tm2 ssse3 sdbg fma cx16 xtpr pdcm pcid sse4_1 sse4_2 x2apic movbe popcnt tsc_deadline_timer aes xsave avx f16c rdrand lahf_lm abm 3dnowprefetch intel_pt tpr_shadow vnmi flexpriority ept vpid fsgsbase tsc_adjust bmi1 hle avx2 smep bmi2 erms invpcid rtm mpx rdseed adx smap clflushopt xsaveopt xsavec xgetbv1 dtherm ida arat pln pts hwp hwp_notify hwp_act_window hwp_epp
bugs		:
bogomips	: 8016.73
clflush size	: 64
cache_alignment	: 64
address sizes	: 39 bits physical, 48 bits virtual
power management:

processor	: 3
vendor_id	: GenuineIntel
cpu family	: 6
model		: 94
model name	: Intel(R) Core(TM) i7-6700K CPU @ 4.00GHz
stepping	: 3
microcode	: 0x84
cpu MHz		: 3704.843
cache size	: 8192 KB
physical id	: 0
siblings	: 8
core id		: 3
cpu cores	: 4
apicid		: 6
initial apicid	: 6
fpu		: yes
fpu_exception	: yes
cpuid level	: 22
wp		: yes
flags		: fpu vme de pse tsc msr pae mce cx8 apic sep mtrr pge mca cmov pat pse36 clflush dts acpi mmx fxsr sse sse2 ss ht tm pbe syscall nx pdpe1gb rdtscp lm constant_tsc art arch_perfmon pebs bts rep_good nopl xtopology nonstop_tsc aperfmperf eagerfpu pni pclmulqdq dtes64 monitor ds_cpl vmx est tm2 ssse3 sdbg fma cx16 xtpr pdcm pcid sse4_1 sse4_2 x2apic movbe popcnt tsc_deadline_timer aes xsave avx f16c rdrand lahf_lm abm 3dnowprefetch intel_pt tpr_shadow vnmi flexpriority ept vpid fsgsbase tsc_adjust bmi1 hle avx2 smep bmi2 erms invpcid rtm mpx rdseed adx smap clflushopt xsaveopt xsavec xgetbv1 dtherm ida arat pln pts hwp hwp_notify hwp_act_window hwp_epp
bugs		:
bogomips	: 8016.73
clflush size	: 64
cache_alignment	: 64
address sizes	: 39 bits physical, 48 bits virtual
power management:

processor	: 4
vendor_id	: GenuineIntel
cpu family	: 6
model		: 94
model name	: Intel(R) Core(TM) i7-6700K CPU @ 4.00GHz
stepping	: 3
microcode	: 0x84
cpu MHz		: 3632.343
cache size	: 8192 KB
physical id	: 0
siblings	: 8
core id		: 0
cpu cores	: 4
apicid		: 1
initial apicid	: 1
fpu		: yes
fpu_exception	: yes
cpuid level	: 22
wp		: yes
flags		: fpu vme de pse tsc msr pae mce cx8 apic sep mtrr pge mca cmov pat pse36 clflush dts acpi mmx fxsr sse sse2 ss ht tm pbe syscall nx pdpe1gb rdtscp lm constant_tsc art arch_perfmon pebs bts rep_good nopl xtopology nonstop_tsc aperfmperf eagerfpu pni pclmulqdq dtes64 monitor ds_cpl vmx est tm2 ssse3 sdbg fma cx16 xtpr pdcm pcid sse4_1 sse4_2 x2apic movbe popcnt tsc_deadline_timer aes xsave avx f16c rdrand lahf_lm abm 3dnowprefetch intel_pt tpr_shadow vnmi flexpriority ept vpid fsgsbase tsc_adjust bmi1 hle avx2 smep bmi2 erms invpcid rtm mpx rdseed adx smap clflushopt xsaveopt xsavec xgetbv1 dtherm ida arat pln pts hwp hwp_notify hwp_act_window hwp_epp
bugs		:
bogomips	: 8016.73
clflush size	: 64
cache_alignment	: 64
address sizes	: 39 bits physical, 48 bits virtual
power management:

processor	: 5
vendor_id	: GenuineIntel
cpu family	: 6
model		: 94
model name	: Intel(R) Core(TM) i7-6700K CPU @ 4.00GHz
stepping	: 3
microcode	: 0x84
cpu MHz		: 3742.187
cache size	: 8192 KB
physical id	: 0
siblings	: 8
core id		: 1
cpu cores	: 4
apicid		: 3
initial apicid	: 3
fpu		: yes
fpu_exception	: yes
cpuid level	: 22
wp		: yes
flags		: fpu vme de pse tsc msr pae mce cx8 apic sep mtrr pge mca cmov pat pse36 clflush dts acpi mmx fxsr sse sse2 ss ht tm pbe syscall nx pdpe1gb rdtscp lm constant_tsc art arch_perfmon pebs bts rep_good nopl xtopology nonstop_tsc aperfmperf eagerfpu pni pclmulqdq dtes64 monitor ds_cpl vmx est tm2 ssse3 sdbg fma cx16 xtpr pdcm pcid sse4_1 sse4_2 x2apic movbe popcnt tsc_deadline_timer aes xsave avx f16c rdrand lahf_lm abm 3dnowprefetch intel_pt tpr_shadow vnmi flexpriority ept vpid fsgsbase tsc_adjust bmi1 hle avx2 smep bmi2 erms invpcid rtm mpx rdseed adx smap clflushopt xsaveopt xsavec xgetbv1 dtherm ida arat pln pts hwp hwp_notify hwp_act_window hwp_epp
bugs		:
bogomips	: 8016.73
clflush size	: 64
cache_alignment	: 64
address sizes	: 39 bits physical, 48 bits virtual
power management:

processor	: 6
vendor_id	: GenuineIntel
cpu family	: 6
model		: 94
model name	: Intel(R) Core(TM) i7-6700K CPU @ 4.00GHz
stepping	: 3
microcode	: 0x84
cpu MHz		: 3694.062
cache size	: 8192 KB
physical id	: 0
siblings	: 8
core id		: 2
cpu cores	: 4
apicid		: 5
initial apicid	: 5
fpu		: yes
fpu_exception	: yes
cpuid level	: 22
wp		: yes
flags		: fpu vme de pse tsc msr pae mce cx8 apic sep mtrr pge mca cmov pat pse36 clflush dts acpi mmx fxsr sse sse2 ss ht tm pbe syscall nx pdpe1gb rdtscp lm constant_tsc art arch_perfmon pebs bts rep_good nopl xtopology nonstop_tsc aperfmperf eagerfpu pni pclmulqdq dtes64 monitor ds_cpl vmx est tm2 ssse3 sdbg fma cx16 xtpr pdcm pcid sse4_1 sse4_2 x2apic movbe popcnt tsc_deadline_timer aes xsave avx f16c rdrand lahf_lm abm 3dnowprefetch intel_pt tpr_shadow vnmi flexpriority ept vpid fsgsbase tsc_adjust bmi1 hle avx2 smep bmi2 erms invpcid rtm mpx rdseed adx smap clflushopt xsaveopt xsavec xgetbv1 dtherm ida arat pln pts hwp hwp_notify hwp_act_window hwp_epp
bugs		:
bogomips	: 8016.73
clflush size	: 64
cache_alignment	: 64
address sizes	: 39 bits physical, 48 bits virtual
power management:

processor	: 7
vendor_id	: GenuineIntel
cpu family	: 6
model		: 94
model name	: Intel(R) Core(TM) i7-6700K CPU @ 4.00GHz
stepping	: 3
microcode	: 0x84
cpu MHz		: 3439.062
cache size	: 8192 KB
physical id	: 0
siblings	: 8
core id		: 3
cpu cores	: 4
apicid		: 7
initial apicid	: 7
fpu		: yes
fpu_exception	: yes
cpuid level	: 22
wp		: yes
flags		: fpu vme de pse tsc msr pae mce cx8 apic sep mtrr pge mca cmov pat pse36 clflush dts acpi mmx fxsr sse sse2 ss ht tm pbe syscall nx pdpe1gb rdtscp lm constant_tsc art arch_perfmon pebs bts rep_good nopl xtopology nonstop_tsc aperfmperf eagerfpu pni pclmulqdq dtes64 monitor ds_cpl vmx est tm2 ssse3 sdbg fma cx16 xtpr pdcm pcid sse4_1 sse4_2 x2apic movbe popcnt tsc_deadline_timer aes xsave avx f16c rdrand lahf_lm abm 3dnowprefetch intel_pt tpr_shadow vnmi flexpriority ept vpid fsgsbase tsc_adjust bmi1 hle avx2 smep bmi2 erms invpcid rtm mpx rdseed adx smap clflushopt xsaveopt xsavec xgetbv1 dtherm ida arat pln pts hwp hwp_notify hwp_act_window hwp_epp
bugs		:
bogomips	: 8016.73
clflush size	: 64
cache_alignment	: 64
address sizes	: 39 bits physical, 48 bits virtual
power management:



Memory: 4k page, physical 16331916k(189672k free), swap 8386556k(86260k free)

vm_info: OpenJDK 64-Bit Server VM (25.112-b06) for linux-amd64 JRE (1.8.0_112-release-b06), built on Dec  6 2016 12:11:18 by "builder" with gcc 4.8.4

time: Mon Jan 16 12:52:46 2017
elapsed time: 8 seconds (0d 0h 0m 8s)

